0 info it worked if it ends with ok
1 verbose cli [ '/Users/matt/.nvm/v0.10.28/bin/node',
1 verbose cli   '/Users/matt/.nvm/v0.10.28/bin/npm',
1 verbose cli   'publish' ]
2 info using npm@1.4.9
3 info using node@v0.10.28
4 verbose publish [ '.' ]
5 verbose cache add [ '.', null ]
6 verbose cache add name=undefined spec="." args=[".",null]
7 verbose parsed url { protocol: null,
7 verbose parsed url   slashes: null,
7 verbose parsed url   auth: null,
7 verbose parsed url   host: null,
7 verbose parsed url   port: null,
7 verbose parsed url   hostname: null,
7 verbose parsed url   hash: null,
7 verbose parsed url   search: null,
7 verbose parsed url   query: null,
7 verbose parsed url   pathname: '.',
7 verbose parsed url   path: '.',
7 verbose parsed url   href: '.' }
8 silly lockFile 3a52ce78- .
9 verbose lock . /Users/matt/.npm/3a52ce78-.lock
10 verbose tar pack [ '/var/folders/hb/vm_62ws54gj1hrcsfvl68bkw0000gn/T/npm-33041-LXye8rdt/1400612900204-0.6398150071036071/tmp.tgz',
10 verbose tar pack   '.' ]
11 verbose tarball /var/folders/hb/vm_62ws54gj1hrcsfvl68bkw0000gn/T/npm-33041-LXye8rdt/1400612900204-0.6398150071036071/tmp.tgz
12 verbose folder .
13 info prepublish servicebus@0.4.2
14 silly lockFile 1f1177db-tar tar://.
15 verbose lock tar://. /Users/matt/.npm/1f1177db-tar.lock
16 silly lockFile cc06a881-00204-0-6398150071036071-tmp-tgz tar:///var/folders/hb/vm_62ws54gj1hrcsfvl68bkw0000gn/T/npm-33041-LXye8rdt/1400612900204-0.6398150071036071/tmp.tgz
17 verbose lock tar:///var/folders/hb/vm_62ws54gj1hrcsfvl68bkw0000gn/T/npm-33041-LXye8rdt/1400612900204-0.6398150071036071/tmp.tgz /Users/matt/.npm/cc06a881-00204-0-6398150071036071-tmp-tgz.lock
18 silly lockFile 1f1177db-tar tar://.
19 silly lockFile 1f1177db-tar tar://.
20 silly lockFile cc06a881-00204-0-6398150071036071-tmp-tgz tar:///var/folders/hb/vm_62ws54gj1hrcsfvl68bkw0000gn/T/npm-33041-LXye8rdt/1400612900204-0.6398150071036071/tmp.tgz
21 silly lockFile cc06a881-00204-0-6398150071036071-tmp-tgz tar:///var/folders/hb/vm_62ws54gj1hrcsfvl68bkw0000gn/T/npm-33041-LXye8rdt/1400612900204-0.6398150071036071/tmp.tgz
22 verbose tar unpack /var/folders/hb/vm_62ws54gj1hrcsfvl68bkw0000gn/T/npm-33041-LXye8rdt/1400612900204-0.6398150071036071/tmp.tgz
23 silly lockFile 0f2ae219-att-npm-servicebus-0-4-2-package tar:///Users/matt/.npm/servicebus/0.4.2/package
24 verbose lock tar:///Users/matt/.npm/servicebus/0.4.2/package /Users/matt/.npm/0f2ae219-att-npm-servicebus-0-4-2-package.lock
25 silly lockFile cc06a881-00204-0-6398150071036071-tmp-tgz tar:///var/folders/hb/vm_62ws54gj1hrcsfvl68bkw0000gn/T/npm-33041-LXye8rdt/1400612900204-0.6398150071036071/tmp.tgz
26 verbose lock tar:///var/folders/hb/vm_62ws54gj1hrcsfvl68bkw0000gn/T/npm-33041-LXye8rdt/1400612900204-0.6398150071036071/tmp.tgz /Users/matt/.npm/cc06a881-00204-0-6398150071036071-tmp-tgz.lock
27 silly gunzTarPerm modes [ '755', '644' ]
28 silly gunzTarPerm extractEntry package.json
29 silly gunzTarPerm extractEntry .npmignore
30 silly gunzTarPerm extractEntry README.md
31 silly gunzTarPerm modified mode [ 'README.md', 436, 420 ]
32 silly gunzTarPerm extractEntry index.js
33 silly gunzTarPerm extractEntry bus/bus.js
34 silly gunzTarPerm extractEntry bus/index.js
35 silly gunzTarPerm extractEntry bus/middleware/correlate.js
36 silly gunzTarPerm extractEntry bus/middleware/logger.js
37 silly gunzTarPerm modified mode [ 'bus/middleware/logger.js', 436, 420 ]
38 silly gunzTarPerm extractEntry bus/middleware/package.js
39 silly gunzTarPerm extractEntry bus/middleware/retry.js
40 silly gunzTarPerm extractEntry bus/rabbitmq/bus.js
41 silly gunzTarPerm extractEntry bus/rabbitmq/correlator.js
42 silly gunzTarPerm extractEntry bus/rabbitmq/pubsubqueue.js
43 silly gunzTarPerm extractEntry bus/rabbitmq/queue.js
44 silly gunzTarPerm extractEntry bus/rabbitmq/queueregistry.js
45 silly gunzTarPerm extractEntry bus/rabbitmq/serializer.js
46 silly gunzTarPerm extractEntry makefile
47 silly gunzTarPerm extractEntry test/bus-shim.js
48 silly gunzTarPerm extractEntry test/publish-subscribe.js
49 silly gunzTarPerm extractEntry test/send-listen-child_process.js
50 silly gunzTarPerm extractEntry test/send-listen.js
51 silly gunzTarPerm extractEntry test/child_processes/.publisher.js
52 silly gunzTarPerm extractEntry test/child_processes/.sender.js
53 silly gunzTarPerm extractEntry test/middleware/correlate.js
54 silly gunzTarPerm extractEntry test/middleware/package.js
55 silly gunzTarPerm extractEntry test/middleware/retry.js
56 silly gunzTarPerm extractEntry test/rabbitmq/serializer.js
57 silly lockFile 0f2ae219-att-npm-servicebus-0-4-2-package tar:///Users/matt/.npm/servicebus/0.4.2/package
58 silly lockFile 0f2ae219-att-npm-servicebus-0-4-2-package tar:///Users/matt/.npm/servicebus/0.4.2/package
59 silly lockFile cc06a881-00204-0-6398150071036071-tmp-tgz tar:///var/folders/hb/vm_62ws54gj1hrcsfvl68bkw0000gn/T/npm-33041-LXye8rdt/1400612900204-0.6398150071036071/tmp.tgz
60 silly lockFile cc06a881-00204-0-6398150071036071-tmp-tgz tar:///var/folders/hb/vm_62ws54gj1hrcsfvl68bkw0000gn/T/npm-33041-LXye8rdt/1400612900204-0.6398150071036071/tmp.tgz
61 silly lockFile 3a52ce78- .
62 silly lockFile 3a52ce78- .
63 silly publish { author: { name: 'Matt Walters', email: 'mattwalters5@gmail.com' },
63 silly publish   contributors:
63 silly publish    [ { name: 'mattwalters5@gmail.com' },
63 silly publish      { name: 'timisbusy@gmail.com' },
63 silly publish      { name: 'mail@chrisabrams.com' } ],
63 silly publish   name: 'servicebus',
63 silly publish   description: 'Simple service bus for sending events between processes using amqp.',
63 silly publish   version: '0.4.2',
63 silly publish   homepage: 'https://github.com/mateodelnorte/servicebus',
63 silly publish   repository:
63 silly publish    { type: 'git',
63 silly publish      url: 'git://github.com/mateodelnorte/servicebus.git' },
63 silly publish   engines: { node: '0.6 || 0.8 || 0.9 || 0.10' },
63 silly publish   dependencies:
63 silly publish    { amqp: '^0.1.8',
63 silly publish      bluebird: '^1.0.8',
63 silly publish      debug: '^0.7.4',
63 silly publish      extend: '^1.2.1',
63 silly publish      'node-uuid': '^1.4.0' },
63 silly publish   devDependencies:
63 silly publish    { longjohn: '~0.2.0',
63 silly publish      mocha: '>=1.2.1',
63 silly publish      should: '0.6.3',
63 silly publish      sinon: '~1.7.3' },
63 silly publish   optionalDependencies: {},
63 silly publish   readme: '# servicebus\n\n  Simple service bus for sending events between processes using amqp. Allows for send/receive and publish/subscribe pattern messaging over RabbitMQ.  \n\n## Configuration\n\n## Sending and Receiving\n\n  Servicebus allows simple sending and recieving of messages in a 1:1 sender:listener configuration. The following two processes will send an event message called \'my.event\' every second from process A to process B via RabbitMQ and print out the sent event:\n\n  Process A:\n    \n    var bus = require(\'servicebus\').bus();\n    bus.listen(\'my.event\', function (event) {\n      console.log(event);\n    });\n\n  Process B:\n    \n    var bus = require(\'servicebus\').bus();\n    \n    setInterval(function () {\n      bus.send(\'my.event\', { my: \'event\' });\n    }, 1000);\n  \n## Round-Robin Load Distribution\n\n  Simply running multiple versions of Process A, above, will cause servicebus to distribute sent messages evenly accross the list of listeners, in a round-robin pattern. \n\n## Message Acknowledgement\n\n  (Note: message acking requires use of the retry() middleware, referenced below)\n\n  Servicebus integrates with RabbitMQ\'s message acknowledement functionality, which causes messages to queue instead of sending until the listening processes marks any previously received message as acknowledged or rejected. Messages can be acknowledged or rejected with the following syntax. To use ack and reject, it must be specified when defining the listening function: \n\n    bus.listen(\'my.event\', { ack: true }, function (event) {\n      event.handle.acknowledge(); // acknowledge a message\n      event.handle.ack(); // short hand is also available\n      event.handle.reject(); // reject a message\n    });\n\n  Message acknowledgement is suited for use in load distribution scenarios. \n\n# Publish / Subscribe\n\n  Servicebus can also send messages from 1:N processes in a fan-out architecture. In this pattern, one sender publishes a message and any number of subscribers can receive. The pattern for usage looks very similar to send/listen:\n\n  Process A (can be run any number of times, all will receive the event):\n    \n    var bus = require(\'servicebus\').bus();\n    bus.subscribe(\'my.event\', function (event) {\n      console.log(event);\n    });\n\n  Process B:\n    \n    var bus = require(\'servicebus\').bus();\n    \n    setInterval(function () {\n      bus.publish(\'my.event\', { my: \'event\' });\n    }, 1000);\n    \n# Topic Routing\n\n  To use topic routing to accept multiple events in a single handler, use publish and subscribe and the following syntax:\n  \n  ```\n  bus.publish(\'event.one\', { event: \'one\' });\n  bus.publish(\'event.two\', { event: \'two\' });\n  ```\n  and for the listener...\n  ```\n  bus.subscribe(\'event.*\', function (msg) ...\n  ```\n\n# Middleware\n\nServicebus allows for middleware packages to enact behavior at the time a message is sent or received. They are very similar to connect middleware in their usage: \n\n```\n  if ( ! process.env.RABBITMQ_URL)\n    throw new Error(\'Tests require a RABBITMQ_URL environment variable to be set, pointing to the RabbiqMQ instance you wish to use.\');\n\n  var busUrl = process.env.RABBITMQ_URL\n\n  var bus = require(\'../\').bus({ url: busUrl });\n\n  bus.use(bus.package());\n  bus.use(bus.correlate());\n  bus.use(bus.log());\n  bus.use(bus.retry());\n\n  module.exports.bus = bus;\n```\n\n Middleware may defined one or two functions to modify incoming or outgoing messages:\n\n```\n...\n\n  function logIncoming (queueName, message, next) {\n    log(\'received \' + util.inspect(message));\n    next(null, queueName, message);\n  }\n\n  function logOutgoing (message, headers, deliveryInfo, messageHandle, options, next) {    \n    log(\'sending \' + util.inspect(message));\n    next(null, message, headers, deliveryInfo, messageHandle, options);\n  }\n\n  return {\n    handleIncoming: logIncoming,\n    handleOutgoing: logOutgoing\n  };\n```\n\nhandleIncoming pipelines behavior to be enacted on an incoming message. handleOutgoing pipelines behavior to be enacted on an outgoing message. To say that the behavior is pipelined is to say that each middleware is called in succession, allowing each to enact its behavior before the next. (in from protocol->servicebus->middleware 1->middleware 2->servicebus->user code)\n\n## Included Middleware\n\n### Correlate\n\nCorrelate simply adds a .cid (Correlation Identity) property to any outgoing message that doesn\'t already have one. This is useful for following messages in logs across services.\n\n### Logger\n\nLogger ensures that incoming and outgoing messages are logged to stdout via the debug module. (Use this in non-high throughput scenarios, otherwise you\'ll have some very quickly growing logs)\n\n### Package\n\nPackage repackages outgoing messages, encapsulating the original message as a .data property and adding additional properties for information like message type and datetime sent: \n\n```\n  // bus.publish(\'my:event\', { my: \'event\' });\n  {\n    my: \'event\'\n  };\n```\nbecomes\n```\n  {\n    data: {\n      my: \'event\'\n    }\n    , datetime: \'Wed, 04 Sep 2013 19:31:11 GMT\'\n    , type: \'my:event\'\n  };\n```\n\n### Retry\n\nRetry provides ability to specify a max number of times an erroring message will be retried before being placed on an error queue. The retry middleware requires the correlate middleware. \n',
63 silly publish   readmeFilename: 'README.md',
63 silly publish   bugs: { url: 'https://github.com/mateodelnorte/servicebus/issues' },
63 silly publish   _id: 'servicebus@0.4.2',
63 silly publish   _shasum: 'b325be0633a370fa46a3790cf5dc2d1a12c06a3e',
63 silly publish   _from: '.' }
64 verbose url raw servicebus
65 verbose url resolving [ 'https://registry.npmjs.org/', './servicebus' ]
66 verbose url resolved https://registry.npmjs.org/servicebus
67 info trying registry request attempt 1 at 15:08:20
68 http PUT https://registry.npmjs.org/servicebus
69 http 403 https://registry.npmjs.org/servicebus
70 verbose headers { date: 'Tue, 20 May 2014 19:08:19 GMT',
70 verbose headers   server: 'CouchDB/1.5.0 (Erlang OTP/R14B04)',
70 verbose headers   'content-type': 'application/json',
70 verbose headers   'cache-control': 'max-age=1',
70 verbose headers   'content-length': '84',
70 verbose headers   'accept-ranges': 'bytes',
70 verbose headers   via: '1.1 varnish',
70 verbose headers   'x-served-by': 'cache-v42-ASH',
70 verbose headers   'x-cache': 'MISS',
70 verbose headers   'x-cache-hits': '0',
70 verbose headers   'x-timer': 'S1400612898.763256311,VS0,VE379',
70 verbose headers   'keep-alive': 'timeout=10, max=50',
70 verbose headers   connection: 'Keep-Alive' }
71 error publish Failed PUT 403
72 error Error: forbidden Cannot replace previously published version: 0.4.2: servicebus
72 error     at RegClient.<anonymous> (/Users/matt/.nvm/v0.10.28/lib/node_modules/npm/node_modules/npm-registry-client/lib/request.js:273:14)
72 error     at Request._callback (/Users/matt/.nvm/v0.10.28/lib/node_modules/npm/node_modules/npm-registry-client/lib/request.js:211:65)
72 error     at Request.self.callback (/Users/matt/.nvm/v0.10.28/lib/node_modules/npm/node_modules/request/request.js:123:22)
72 error     at Request.EventEmitter.emit (events.js:98:17)
72 error     at Request.<anonymous> (/Users/matt/.nvm/v0.10.28/lib/node_modules/npm/node_modules/request/request.js:893:14)
72 error     at Request.EventEmitter.emit (events.js:117:20)
72 error     at IncomingMessage.<anonymous> (/Users/matt/.nvm/v0.10.28/lib/node_modules/npm/node_modules/request/request.js:844:12)
72 error     at IncomingMessage.EventEmitter.emit (events.js:117:20)
72 error     at _stream_readable.js:919:16
72 error     at process._tickCallback (node.js:419:13)
73 error If you need help, you may report this *entire* log,
73 error including the npm and node versions, at:
73 error     <http://github.com/npm/npm/issues>
74 error System Darwin 13.1.0
75 error command "/Users/matt/.nvm/v0.10.28/bin/node" "/Users/matt/.nvm/v0.10.28/bin/npm" "publish"
76 error cwd /Users/matt/development/servicebus
77 error node -v v0.10.28
78 error npm -v 1.4.9
79 verbose exit [ 1, true ]
